<?xml version="1.0" encoding="UTF-8"?>
<!-- Generated by org.testng.reporters.JUnitXMLReporter -->
<testsuite ignored="6" hostname="DESKTOP-ULM1QHC" failures="4" tests="10" name="Test" time="24.932" errors="0" timestamp="2026-09-23T12:32:56 IST">
  <testcase classname="test.logintest" name="loginTest" time="0.356">
    <failure type="java.lang.AssertionError" message="Login failed for :Ammu">
      <![CDATA[java.lang.AssertionError: Login failed for :Ammu
at test.logintest.loginTest(logintest.java:48)
at java.base/java.util.ArrayList.forEach(ArrayList.java:1596)
... Removed 26 stack frames]]>
    </failure>
  </testcase> <!-- loginTest -->
  <testcase classname="test.logintest" name="loginTest" time="0.25">
    <failure type="java.lang.AssertionError" message="Login failed for :Arya">
      <![CDATA[java.lang.AssertionError: Login failed for :Arya
at test.logintest.loginTest(logintest.java:48)
at java.base/java.util.ArrayList.forEach(ArrayList.java:1596)
... Removed 26 stack frames]]>
    </failure>
  </testcase> <!-- loginTest -->
  <testcase classname="test.logintest" name="loginTest" time="0.244">
    <failure type="java.lang.AssertionError" message="Login failed for :Anju">
      <![CDATA[java.lang.AssertionError: Login failed for :Anju
at test.logintest.loginTest(logintest.java:48)
at java.base/java.util.ArrayList.forEach(ArrayList.java:1596)
... Removed 26 stack frames]]>
    </failure>
  </testcase> <!-- loginTest -->
  <testcase classname="test.logintest" name="loginTest" time="0.212"/>
  <testcase classname="test.logintest" name="logoverification" time="0.066"/>
  <testcase classname="test.logintest" name="buttontext" time="0.051"/>
  <testcase classname="test.producttest" name="logo" time="0.208"/>
  <testcase classname="test.producttest" name="additemstocart" time="18.79"/>
  <testcase classname="test.checkouttest" name="checkoutTest" time="1.316"/>
  <testcase classname="test.finishtest" name="finishOrderTest" time="0.156">
    <failure type="org.openqa.selenium.NoSuchElementException" message="no such element: Unable to locate element: {&amp;quot;method&amp;quot;:&amp;quot;xpath&amp;quot;,&amp;quot;selector&amp;quot;:&amp;quot;//*[@id=&amp;apos;shopping_cart_container&amp;apos;]/a&amp;quot;}
  (Session info: chrome=153.0.8010.53)
For documentation on this error, please visit: https://www.selenium.dev/documentation/webdriver/troubleshooting/errors#nosuchelementexception
Build info: version: &amp;apos;4.49.0&amp;apos;, revision: &amp;apos;bedb24f bedb24f6f703876e7e4c5d506f0d697eb358c720&amp;apos;
System info: os.name: &amp;apos;Windows 11&amp;apos;, os.arch: &amp;apos;amd64&amp;apos;, os.version: &amp;apos;10.0&amp;apos;, java.version: &amp;apos;21.0.11&amp;apos;
Driver info: org.openqa.selenium.chrome.ChromeDriver
Command: [5ebd83a8bec612d40f611942c6ee87e7, findElement {using=xpath, value=//*[@id=&amp;apos;shopping_cart_container&amp;apos;]/a}]
Capabilities {acceptInsecureCerts: false, browserName: chrome, browserVersion: 153.0.8010.53, chrome: {chromedriverVersion: 153.0.8010.52 (78e5e45d4bb4..., userDataDir: C:\Users\admin\AppData\Loca...}, fedcm:accounts: true, goog:chromeOptions: {debuggerAddress: localhost:56977}, goog:processID: 4516, networkConnectionEnabled: false, pageLoadStrategy: normal, platformName: windows, proxy: Proxy(), se:cdp: ws://localhost:56977/devtoo..., se:cdpVersion: 153.0.8010.53, setWindowRect: true, strictFileInteractability: false, timeouts: {implicit: 0, pageLoad: 300000, script: 30000}, unhandledPromptBehavior: dismiss and notify, webauthn:extension:cmtgKey: true, webauthn:extension:credBlob: true, webauthn:extension:largeBlob: true, webauthn:extension:minPinLength: true, webauthn:extension:prf: true, webauthn:virtualAuthenticators: true}
Session ID: 5ebd83a8bec612d40f611942c6ee87e7">
      <![CDATA[org.openqa.selenium.NoSuchElementException: no such element: Unable to locate element: {"method":"xpath","selector":"//*[@id='shopping_cart_container']/a"}
  (Session info: chrome=153.0.8010.53)
For documentation on this error, please visit: https://www.selenium.dev/documentation/webdriver/troubleshooting/errors#nosuchelementexception
Build info: version: '4.49.0', revision: 'bedb24f bedb24f6f703876e7e4c5d506f0d697eb358c720'
System info: os.name: 'Windows 11', os.arch: 'amd64', os.version: '10.0', java.version: '21.0.11'
Driver info: org.openqa.selenium.chrome.ChromeDriver
Command: [5ebd83a8bec612d40f611942c6ee87e7, findElement {using=xpath, value=//*[@id='shopping_cart_container']/a}]
Capabilities {acceptInsecureCerts: false, browserName: chrome, browserVersion: 153.0.8010.53, chrome: {chromedriverVersion: 153.0.8010.52 (78e5e45d4bb4..., userDataDir: C:\Users\admin\AppData\Loca...}, fedcm:accounts: true, goog:chromeOptions: {debuggerAddress: localhost:56977}, goog:processID: 4516, networkConnectionEnabled: false, pageLoadStrategy: normal, platformName: windows, proxy: Proxy(), se:cdp: ws://localhost:56977/devtoo..., se:cdpVersion: 153.0.8010.53, setWindowRect: true, strictFileInteractability: false, timeouts: {implicit: 0, pageLoad: 300000, script: 30000}, unhandledPromptBehavior: dismiss and notify, webauthn:extension:cmtgKey: true, webauthn:extension:credBlob: true, webauthn:extension:largeBlob: true, webauthn:extension:minPinLength: true, webauthn:extension:prf: true, webauthn:virtualAuthenticators: true}
Session ID: 5ebd83a8bec612d40f611942c6ee87e7
at org.openqa.selenium.remote.ErrorCodec.decode(ErrorCodec.java:169)
at org.openqa.selenium.remote.codec.w3c.W3CHttpResponseCodec.decode(W3CHttpResponseCodec.java:143)
at org.openqa.selenium.remote.codec.w3c.W3CHttpResponseCodec.decode(W3CHttpResponseCodec.java:50)
at org.openqa.selenium.remote.HttpCommandExecutor.execute(HttpCommandExecutor.java:196)
at org.openqa.selenium.remote.service.DriverCommandExecutor.invokeExecute(DriverCommandExecutor.java:217)
at org.openqa.selenium.remote.service.DriverCommandExecutor.execute(DriverCommandExecutor.java:175)
at org.openqa.selenium.remote.RemoteWebDriver.execute(RemoteWebDriver.java:653)
at org.openqa.selenium.remote.ElementLocation$ElementFinder$2.findElement(ElementLocation.java:173)
at org.openqa.selenium.remote.ElementLocation.findElement(ElementLocation.java:60)
at org.openqa.selenium.remote.RemoteWebDriver.findElement(RemoteWebDriver.java:417)
at org.openqa.selenium.remote.RemoteWebDriver.findElement(RemoteWebDriver.java:411)
at org.openqa.selenium.support.pagefactory.DefaultElementLocator.findElement(DefaultElementLocator.java:69)
at org.openqa.selenium.support.pagefactory.internal.LocatingElementHandler.invoke(LocatingElementHandler.java:38)
at jdk.proxy2/jdk.proxy2.$Proxy15.click(Unknown Source)
at page.checkoutpage.checkout(checkoutpage.java:24)
at test.finishtest.finishOrderTest(finishtest.java:41)
at java.base/java.util.ArrayList.forEach(ArrayList.java:1596)
... Removed 25 stack frames]]>
    </failure>
  </testcase> <!-- finishOrderTest -->
  <testcase classname="base.baseclass" name="@BeforeTest browser_launch" time="0.0">
    <ignored/>
  </testcase> <!-- @BeforeTest browser_launch -->
  <testcase classname="base.baseclass" name="@AfterSuite teardown" time="0.0">
    <ignored/>
  </testcase> <!-- @AfterSuite teardown -->
  <testcase classname="base.baseclass" name="@AfterSuite teardown" time="0.0">
    <ignored/>
  </testcase> <!-- @AfterSuite teardown -->
  <testcase classname="base.baseclass" name="@BeforeTest browser_launch" time="0.0">
    <ignored/>
  </testcase> <!-- @BeforeTest browser_launch -->
  <testcase classname="base.baseclass" name="@AfterSuite teardown" time="0.0">
    <ignored/>
  </testcase> <!-- @AfterSuite teardown -->
  <testcase classname="base.baseclass" name="@BeforeTest browser_launch" time="0.0">
    <ignored/>
  </testcase> <!-- @BeforeTest browser_launch -->
</testsuite> <!-- Test -->
