<?xml version="1.0" encoding="UTF-8"?>
<!-- Generated by org.testng.reporters.JUnitXMLReporter -->
<testsuite ignored="6" hostname="DESKTOP-ULM1QHC" failures="3" tests="10" name="Test" time="28.803" errors="0" timestamp="2026-09-22T15:16:57 IST">
  <testcase classname="test.logintest" name="loginTest" time="0.393">
    <failure type="java.lang.AssertionError" message="Login failed for :Ammu">
      <![CDATA[java.lang.AssertionError: Login failed for :Ammu
at test.logintest.loginTest(logintest.java:48)
at java.base/java.util.ArrayList.forEach(ArrayList.java:1596)
... Removed 26 stack frames]]>
    </failure>
  </testcase> <!-- loginTest -->
  <testcase classname="test.logintest" name="loginTest" time="0.28">
    <failure type="java.lang.AssertionError" message="Login failed for :Arya">
      <![CDATA[java.lang.AssertionError: Login failed for :Arya
at test.logintest.loginTest(logintest.java:48)
at java.base/java.util.ArrayList.forEach(ArrayList.java:1596)
... Removed 26 stack frames]]>
    </failure>
  </testcase> <!-- loginTest -->
  <testcase classname="test.logintest" name="loginTest" time="0.255">
    <failure type="java.lang.AssertionError" message="Login failed for :Anju">
      <![CDATA[java.lang.AssertionError: Login failed for :Anju
at test.logintest.loginTest(logintest.java:48)
at java.base/java.util.ArrayList.forEach(ArrayList.java:1596)
... Removed 26 stack frames]]>
    </failure>
  </testcase> <!-- loginTest -->
  <testcase classname="test.logintest" name="loginTest" time="0.256"/>
  <testcase classname="test.logintest" name="logoverification" time="0.068"/>
  <testcase classname="test.logintest" name="buttontext" time="0.061"/>
  <testcase classname="test.producttest" name="logo" time="0.232"/>
  <testcase classname="test.producttest" name="additemstocart" time="18.817"/>
  <testcase classname="test.checkouttest" name="checkoutTest" time="1.355"/>
  <testcase classname="test.finishtest" name="finishOrderTest" time="1.705"/>
  <testcase classname="base.baseclass" name="@BeforeTest browser_launch" time="0.0">
    <ignored/>
  </testcase> <!-- @BeforeTest browser_launch -->
  <testcase classname="base.baseclass" name="@AfterSuite teardown" time="0.0">
    <ignored/>
  </testcase> <!-- @AfterSuite teardown -->
  <testcase classname="base.baseclass" name="@AfterSuite teardown" time="0.0">
    <ignored/>
  </testcase> <!-- @AfterSuite teardown -->
  <testcase classname="base.baseclass" name="@BeforeTest browser_launch" time="0.0">
    <ignored/>
  </testcase> <!-- @BeforeTest browser_launch -->
  <testcase classname="base.baseclass" name="@AfterSuite teardown" time="0.0">
    <ignored/>
  </testcase> <!-- @AfterSuite teardown -->
  <testcase classname="base.baseclass" name="@BeforeTest browser_launch" time="0.0">
    <ignored/>
  </testcase> <!-- @BeforeTest browser_launch -->
</testsuite> <!-- Test -->
